# Gaussian accelerated Molecular Dynamics log file
# All energy terms are stored in unit of kcal/mol
# ntwx,total_nstep,Unboosted-Total-Energy,Unboosted-Dihedral-Energy,Total-Force-Weight,Dihedral-Force-Weight,Total-Boost-Energy-Potential,Dihedral-Boost-Energy,Total-Effective-Harmonic-Constant,Dihedral-Effective-Harmonic-Constant
	1	550500	-25689.95197562311	140.405210430022	0.6755119819493045	0.6176482498467022	333.02749396133544	3.92427497886954	0.836886522071984	1.0
	1	551000	-26237.039873467456	130.122688876325	0.7416757199943638	0.6927491086508775	211.06353853544957	2.534075612721297	0.836886522071984	1.0
	1	551500	-25813.73042119152	132.7057273519584	0.7520350590557839	0.7389571833721926	194.47479516183262	1.8291813302446653	0.836886522071984	1.0
	1	552000	-25736.61241670459	132.8560544453519	0.7594011943505552	0.5951627103069156	183.09213713283407	4.399408441665584	0.836886522071984	1.0
	1	552500	-25691.276063715457	128.55730413799049	0.758973723263086	0.7397704585186848	183.74331345728498	1.8178015084046095	0.836886522071984	1.0
	1	553000	-25681.080867042892	135.70957923113275	0.7693724263895241	0.9513168024032208	168.23068740415985	0.06361967671033521	0.836886522071984	1.0
	1	553500	-25646.517337693578	148.52020440500763	0.7657041997661279	0.6808098893173087	173.62480361936147	2.7348412458189784	0.836886522071984	1.0
	1	554000	-25657.699521685034	137.53571560376938	0.7607392521567012	0.5601708241551	181.06131549848848	5.192796887555523	0.836886522071984	1.0
	1	554500	-25700.695383124395	126.26706167826931	0.7499604466914327	0.5824764407812395	197.74257646557797	4.679454604624381	0.836886522071984	1.0
	1	555000	-25745.052424991947	128.84275593256257	0.7470216160296158	0.7008236004491184	202.41821354438372	2.402635718266098	0.836886522071984	1.0
	1	555500	-25774.066556756406	132.66631040604744	0.7567366134114333	0.6519320459246509	187.17000702700497	3.252080950231249	0.836886522071984	1.0
	1	556000	-25691.71437164764	131.82326665984584	0.7520926401707462	0.703426261561622	194.38448581958667	2.361014475733841	0.836886522071984	1.0
	1	556500	-25727.265263772788	134.77630690289706	0.765176391501179	0.590711216967591	174.40794892229997	4.496690031113191	0.836886522071984	1.0
	1	557000	-25665.48442879467	129.13735792409864	0.7597658852383916	0.6062773838412435	182.53750903681586	4.161155934938247	0.836886522071984	1.0
	1	557500	-25693.73507774962	128.09027532168497	0.7573511193140998	0.7256229600976142	186.2255837512578	2.0208254342961807	0.836886522071984	1.0
	1	558000	-25716.38922672243	135.22702497015575	0.7686365546159482	0.5664686603854743	169.30595965289388	5.045152078305527	0.836886522071984	1.0
	1	558500	-25617.681257815813	129.2786284881264	0.7474910954030307	0.7435081467720466	201.6676118941401	1.765958190756567	0.836886522071984	1.0
	1	559000	-25782.322303535784	137.43375139217585	0.7644308233198845	0.7460353099428915	175.51720234380687	1.7313303568719138	0.836886522071984	1.0
	1	559500	-25663.78289110293	137.78100524729248	0.7571197865144591	0.6404828137583092	186.58083468867514	3.4695454310708045	0.836886522071984	1.0
	1	560000	-25719.29570377027	130.98819485887995	0.7752198566200346	0.7614891369725383	159.80804826846253	1.527037119759966	0.836886522071984	1.0
	1	560500	-25625.753980731093	138.11702686935942	0.7612910350972868	0.6318781148382875	180.2271515681708	3.6376134017620845	0.836886522071984	1.0
	1	561000	-25671.649252701776	131.9976400741212	0.7557746219455751	0.8217794750084644	188.6532714832842	0.8526066266423662	0.836886522071984	1.0
	1	561500	-25720.017704205355	138.78438748512707	0.7591715861986131	0.6012224025711141	183.44176070359586	4.26869152071042	0.836886522071984	1.0
	1	562000	-25694.39583256117	131.1543920909872	0.7804656104259434	0.694595292697626	152.43611860708378	2.503714011845826	0.836886522071984	1.0
	1	562500	-25560.2465027212	132.63111010656803	0.7637810378365035	0.8159394547287682	176.48681836440215	0.9093994244113639	0.836886522071984	1.0
	1	563000	-25677.732435236892	142.97964596593482	0.7664373733688261	0.5629638516414011	172.53986782915828	5.127055120642932	0.836886522071984	1.0
	1	563500	-25665.809166999003	129.87006830882208	0.7592938481058205	0.698428984732006	183.25555139257892	2.4412511598655335	0.836886522071984	1.0
	1	564000	-25699.083393316	135.2293121330345	0.7687854363079266	0.664028201759952	169.08813399317754	3.029974085961704	0.836886522071984	1.0
	1	564500	-25627.8403517103	132.96506910334804	0.751531710648736	0.7460684431281103	195.26513214139428	1.7308786346471974	0.836886522071984	1.0
	1	565000	-25758.781354503408	138.30211215616825	0.7623144761188858	0.7479978854956186	178.68505237919487	1.7046751734293821	0.836886522071984	1.0
	1	565500	-25696.071851238932	137.37025620300545	0.762629372663333	0.7219598009756947	178.21190591336628	2.075144998055133	0.836886522071984	1.0
	1	566000	-25682.513067711334	136.41294844784272	0.7530306584236452	0.7500036690743557	192.9162660857092	1.6776468124758792	0.836886522071984	1.0
	1	566500	-25742.840444259753	137.58642819728496	0.7661310859477167	0.7526350745372379	172.9926923483214	1.6425156120458704	0.836886522071984	1.0
	1	567000	-25653.998114030943	137.78569450455743	0.7432487032031064	0.6160237796593009	208.50095634287848	3.957691381054876	0.836886522071984	1.0
	1	567500	-25813.48171743859	129.48035320339685	0.7497503729250095	0.44096174881125927	198.07498769939968	8.389118246070156	0.836886522071984	1.0
	1	568000	-25748.16903933316	119.95009830825086	0.7680085035472777	0.651144252614808	170.22639124777555	3.2668186867977265	0.836886522071984	1.0
	1	568500	-25614.144806114145	131.9729338337668	0.757153173167835	0.6960538555412545	186.529542889972	2.4798564622760453	0.836886522071984	1.0
	1	569000	-25715.615916708226	134.69832835635572	0.756690997113284	0.6519111245103535	187.24020915220035	3.252471909392442	0.836886522071984	1.0
	1	569500	-25740.575465569116	134.08929868712548	0.7552203409480076	0.5568833511981486	189.5105581758047	5.270713401322131	0.836886522071984	1.0
	1	570000	-25722.26548561959	129.48384815591393	0.7733891015458748	0.7565312736214336	162.42180968142	1.5911811828955904	0.836886522071984	1.0
	1	570500	-25642.642856816627	137.89320566750752	0.7622198577565937	0.6090363023265923	178.8273433518294	4.1030436150165706	0.836886522071984	1.0
	1	571000	-25695.094398825237	126.60776657195231	0.7646891419782289	0.7118150701394285	175.13247875717784	2.229337386033952	0.836886522071984	1.0
	1	571500	-25676.97250143542	136.01784156531787	0.7572514222859006	0.5526631015514682	186.37864401967602	5.371588199065963	0.836886522071984	1.0
	1	572000	-25696.881000423182	125.9922361403988	0.7581835395459859	0.7844731638060691	184.95006132220087	1.246912486643444	0.836886522071984	1.0
	1	572500	-25686.885020086058	139.3166395034051	0.7646930861251817	0.7910218123025994	175.12660786410262	1.1722903326763319	0.836886522071984	1.0
	1	573000	-25671.11076621961	137.13907669728965	0.7673576486075773	0.7066010777589085	171.18287546739336	2.310735810396727	0.836886522071984	1.0
	1	573500	-25641.982288888383	135.40835335525753	0.7601500309740865	0.8238974293054254	181.95420351949073	0.8324624596776925	0.836886522071984	1.0
	1	574000	-25692.56943486068	138.90428924238273	0.7480532921889913	0.6698806807267511	200.77060852063244	2.9253319079865205	0.836886522071984	1.0
	1	574500	-25741.24765227441	132.52009961325427	0.7510527807584373	0.7202348896051929	196.01861612276218	2.100972517383589	0.836886522071984	1.0
	1	575000	-25763.301987774954	134.2129548625205	0.7840508119837317	0.543480109549408	147.49792493924818	5.594389179126762	0.836886522071984	1.0
	1	575500	-25547.38228386093	126.6210767705835	0.7663086203998168	0.8090512465658936	172.73014778674948	0.9787390617939291	0.836886522071984	1.0
	1	576000	-25657.098925058937	139.52366294686752	0.7677072799788631	0.5849309448673943	170.6687306519886	4.624597917046916	0.836886522071984	1.0
	1	576500	-25663.740141796265	126.16324624531062	0.7594282552410434	0.8128985053867521	183.05095357311345	0.9396968693463831	0.836886522071984	1.0
	1	577000	-25658.803516811087	142.05302541574196	0.7453263458507631	0.657137548947097	205.14021163568407	3.1555358419165787	0.836886522071984	1.0
	1	577500	-25811.583010759645	130.82592650340888	0.7500213830891728	0.5068207025227704	197.64620569679812	6.52894397170691	0.836886522071984	1.0
	1	578000	-25747.458329264788	126.05733250490783	0.7587259951779202	0.7805895913134036	184.12121226431228	1.292253506225357	0.836886522071984	1.0
	1	578500	-25706.995691564818	136.42175750606643	0.754905965566677	0.7028298007585041	189.99765512232187	2.3705208380765863	0.836886522071984	1.0
	1	579000	-25714.122275224207	133.37511730855368	0.7384210404401566	0.621744029647504	216.41550666986558	3.840651044665066	0.836886522071984	1.0
	1	579500	-25835.845903421425	129.1507618132664	0.7664390394525091	0.8085718850604655	172.53740626381872	0.9836593215831965	0.836886522071984	1.0
	1	580000	-25662.848899003446	138.61914677757616	0.7544897244743185	0.7853762065904546	190.64354588209937	1.2364854198349058	0.836886522071984	1.0
	1	580500	-25741.228864331522	138.20311777970593	0.7670063236705261	0.7840175680570219	171.70028963058044	1.2521896806166752	0.836886522071984	1.0
	1	581000	-25648.21934451831	137.26456439895065	0.7568215327138051	0.6258750976179405	187.0393538085716	3.757218910392978	0.836886522071984	1.0
	1	581500	-25711.31700782789	130.1853652701688	0.7435589482366252	0.6953254865096858	207.99737715828775	2.4917560366581766	0.836886522071984	1.0
	1	582000	-25807.231955252355	132.15531791755862	0.7492880085983907	0.8356511528687988	198.8075954890496	0.7250477186041865	0.836886522071984	1.0
	1	582500	-25740.333522033983	141.4442266745189	0.7473655492446969	0.7602361201021768	201.8681979931762	1.5431238445374402	0.836886522071984	1.0
	1	583000	-25774.789622715267	135.17909457450392	0.7563950701951212	0.6984950019877936	187.69595154982602	2.4401824426896157	0.836886522071984	1.0
	1	583500	-25701.314159449605	134.05997585763743	0.7638464161263208	0.6839445790635483	176.38913941845541	2.68138857025663	0.836886522071984	1.0
	1	584000	-25665.552659417815	133.47447134141	0.7622509690370368	0.470611776674826	178.78055068353797	7.522839879150592	0.836886522071984	1.0
	1	584500	-25710.783430389947	121.1575892009098	0.7572392678124358	0.6739833228808768	186.3973085244683	2.8530731040226827	0.836886522071984	1.0
	1	585000	-25711.286866774408	129.99514258310322	0.7659841656065035	0.6415989523819551	173.21011439359705	3.4480361256053653	0.836886522071984	1.0
	1	585500	-25657.415000440233	131.7818877750304	0.7590995522445225	0.7328721926500904	183.5515152909296	1.9154528462226597	0.836886522071984	1.0
	1	586000	-25717.146685202624	136.50726435605898	0.7667023726060991	0.5717781988138255	172.14856383071583	4.922330998912233	0.836886522071984	1.0
	1	586500	-25659.80264399171	127.60988656736983	0.7584431808154093	0.6848804127215253	184.55310829076527	2.665533005281276	0.836886522071984	1.0
	1	587000	-25693.626895414858	134.83536060541346	0.7496487431279448	0.6741686381750174	198.23590229206576	2.8498305225789595	0.836886522071984	1.0
	1	587500	-25775.62264815184	131.50993947540752	0.7520501869864229	0.6152884584049072	194.45106671491823	3.9728639930783305	0.836886522071984	1.0
	1	588000	-25735.160457984515	129.07422897548807	0.766832445100676	0.7275347785517257	171.95665831296236	1.9927619244512556	0.836886522071984	1.0
	1	588500	-25664.523239679063	133.30941085540672	0.7569929286343693	0.5922595346646395	186.77579030168212	4.46273290339744	0.836886522071984	1.0
	1	589000	-25712.851939929096	130.69079729290235	0.7501247350564453	0.6019997062401728	197.4828085094148	4.252066535829824	0.836886522071984	1.0
	1	589500	-25749.386574647546	127.4431461929507	0.7650312215571042	0.5484254918556383	174.62365652085933	5.473840034274332	0.836886522071984	1.0
	1	590000	-25670.342173779663	126.87602920813382	0.7638521177796614	0.6381785422381945	176.38062210045692	3.514163022032541	0.836886522071984	1.0
	1	590500	-25668.884613220678	131.06001856715042	0.7700613900292907	0.7111592368729218	167.2270632392495	2.239495705337156	0.836886522071984	1.0
	1	591000	-25624.59746047054	134.53067880296487	0.7437919834751381	0.6985908405684645	207.61952271800644	2.4386313808191473	0.836886522071984	1.0
	1	591500	-25775.254452404122	135.11717207431408	0.757529695542014	0.5956175443631867	185.9515810433282	4.3895285379263855	0.836886522071984	1.0
	1	592000	-25677.154479606234	129.60132348921695	0.74538273752722	0.6560194953993947	205.04937444465745	3.176149416970866	0.836886522071984	1.0
	1	592500	-25816.37792099521	131.4286983120684	0.7555110128231162	0.6978988930040736	189.06074397957732	2.44984100658254	0.836886522071984	1.0
	1	593000	-25726.26381403527	134.21169953337954	0.7589680030455953	0.5057300965362399	183.752035030732	6.557851829288119	0.836886522071984	1.0
	1	593500	-25705.784840320688	125.00717748197556	0.7602398943815739	0.6114863569588156	181.81788528920444	4.051779610324847	0.836886522071984	1.0
	1	594000	-25689.67456008447	128.54583827478746	0.7569915109205891	0.8016796303496787	186.7779696241408	1.055766586142058	0.836886522071984	1.0
	1	594500	-25711.74470836809	137.86942457238806	0.7582517479953523	0.9009040456627528	184.845739410372	0.2635998236531415	0.836886522071984	1.0
	1	595000	-25685.524038876174	144.86363275408132	0.749845254899458	0.6068930128575458	197.92481618207538	4.148153250019766	0.836886522071984	1.0
	1	595500	-25753.013608184494	128.66517671006142	0.7477149982192046	0.6056805548159017	201.3101280499908	4.173780970225273	0.836886522071984	1.0
	1	596000	-25758.385657543615	130.80004935146542	0.7618085880416618	0.3885176631243731	179.44648566912997	10.036934724549102	0.836886522071984	1.0
	1	596500	-25704.808123815084	117.19426906322585	0.764967417100468	0.6649239177755362	174.7185055500477	3.0138395263867	0.836886522071984	1.0
	1	597000	-25641.012411762178	134.79727016002875	0.7590325131207917	0.6518046426586379	183.6536889898978	3.2544621034362042	0.836886522071984	1.0
	1	597500	-25702.569203440922	131.30373682983915	0.7624872477384077	0.8065501607627849	178.42537745084763	1.0045464257415635	0.836886522071984	1.0
	1	598000	-25646.024290659843	141.8795087800723	0.7704333307226112	0.6685662548101594	166.686499436187	2.948673693041048	0.836886522071984	1.0
	1	598500	-25637.513699232175	137.4616785371617	0.7504932354151517	0.7127404993497349	196.90076750072944	2.2150425275270367	0.836886522071984	1.0
	1	599000	-25745.738183830406	134.05200682863358	0.7500540900228284	0.6866482321505993	197.59448944587058	2.63570963936972	0.836886522071984	1.0
	1	599500	-25768.893519351564	132.65476726225498	0.7571737339490998	0.7906896014698039	186.49795894196436	1.1760204549699962	0.836886522071984	1.0
	1	600000	-25680.84352359763	139.47804528440832	0.7442332796884135	0.6559239360578679	206.9049252188896	3.1779143594670054	0.836886522071984	1.0
